[0.974s] DEBUG:colcon:Command line arguments: ['/usr/bin/colcon', 'list', '-p', '--base-paths', '/home/hisham/brokk_ws']
[0.974s] DEBUG:colcon:Parsed command line arguments: Namespace(log_base=None, log_level=None, verb_name='list', build_base='build', ignore_user_meta=False, metas=['./colcon.meta'], base_paths=['/home/hisham/brokk_ws'], packages_ignore=None, packages_ignore_regex=None, paths=None, packages_up_to=None, packages_up_to_regex=None, packages_above=None, packages_above_and_dependencies=None, packages_above_depth=None, packages_select_by_dep=None, packages_skip_by_dep=None, packages_skip_up_to=None, packages_select_build_failed=False, packages_skip_build_finished=False, packages_select_test_failures=False, packages_skip_test_passed=False, packages_select=None, packages_skip=None, packages_select_regex=None, packages_skip_regex=None, packages_start=None, packages_end=None, allow_overriding=[], topological_order=False, names_only=False, paths_only=True, topological_graph=False, topological_graph_dot=False, topological_graph_density=False, topological_graph_legend=False, topological_graph_dot_cluster=False, topological_graph_dot_include_skipped=False, verb_parser=<colcon_defaults.argument_parser.defaults.DefaultArgumentsDecorator object at 0x7fb3b2a247c0>, verb_extension=<colcon_package_information.verb.list.ListVerb object at 0x7fb3b2a27bb0>, main=<bound method ListVerb.main of <colcon_package_information.verb.list.ListVerb object at 0x7fb3b2a27bb0>>)
[1.042s] Level 1:colcon.colcon_core.package_discovery:discover_packages(colcon_meta) check parameters
[1.042s] Level 1:colcon.colcon_core.package_discovery:discover_packages(recursive) check parameters
[1.042s] Level 1:colcon.colcon_core.package_discovery:discover_packages(ignore) check parameters
[1.042s] Level 1:colcon.colcon_core.package_discovery:discover_packages(path) check parameters
[1.042s] Level 1:colcon.colcon_core.package_discovery:discover_packages(recursive) discover
[1.043s] INFO:colcon.colcon_core.package_discovery:Crawling recursively for packages in '/home/hisham/brokk_ws'
[1.043s] Level 1:colcon.colcon_core.package_identification:_identify(/home/hisham/brokk_ws) by extensions ['ignore', 'ignore_ament_install']
[1.043s] Level 1:colcon.colcon_core.package_identification:_identify(/home/hisham/brokk_ws) by extension 'ignore'
[1.043s] Level 1:colcon.colcon_core.package_identification:_identify(/home/hisham/brokk_ws) by extension 'ignore_ament_install'
[1.043s] Level 1:colcon.colcon_core.package_identification:_identify(/home/hisham/brokk_ws) by extensions ['colcon_pkg']
[1.043s] Level 1:colcon.colcon_core.package_identification:_identify(/home/hisham/brokk_ws) by extension 'colcon_pkg'
[1.043s] Level 1:colcon.colcon_core.package_identification:_identify(/home/hisham/brokk_ws) by extensions ['colcon_meta']
[1.043s] Level 1:colcon.colcon_core.package_identification:_identify(/home/hisham/brokk_ws) by extension 'colcon_meta'
[1.043s] Level 1:colcon.colcon_core.package_identification:_identify(/home/hisham/brokk_ws) by extensions ['ros']
[1.043s] Level 1:colcon.colcon_core.package_identification:_identify(/home/hisham/brokk_ws) by extension 'ros'
[1.057s] Level 1:colcon.colcon_core.package_identification:_identify(/home/hisham/brokk_ws) by extensions ['cmake', 'python']
[1.057s] Level 1:colcon.colcon_core.package_identification:_identify(/home/hisham/brokk_ws) by extension 'cmake'
[1.057s] Level 1:colcon.colcon_core.package_identification:_identify(/home/hisham/brokk_ws) by extension 'python'
[1.057s] Level 1:colcon.colcon_core.package_identification:_identify(/home/hisham/brokk_ws) by extensions ['python_setup_py']
[1.057s] Level 1:colcon.colcon_core.package_identification:_identify(/home/hisham/brokk_ws) by extension 'python_setup_py'
[1.057s] Level 1:colcon.colcon_core.package_identification:_identify(/home/hisham/brokk_ws/archive) by extensions ['ignore', 'ignore_ament_install']
[1.057s] Level 1:colcon.colcon_core.package_identification:_identify(/home/hisham/brokk_ws/archive) by extension 'ignore'
[1.057s] Level 1:colcon.colcon_core.package_identification:_identify(/home/hisham/brokk_ws/archive) by extension 'ignore_ament_install'
[1.057s] Level 1:colcon.colcon_core.package_identification:_identify(/home/hisham/brokk_ws/archive) by extensions ['colcon_pkg']
[1.057s] Level 1:colcon.colcon_core.package_identification:_identify(/home/hisham/brokk_ws/archive) by extension 'colcon_pkg'
[1.057s] Level 1:colcon.colcon_core.package_identification:_identify(/home/hisham/brokk_ws/archive) by extensions ['colcon_meta']
[1.057s] Level 1:colcon.colcon_core.package_identification:_identify(/home/hisham/brokk_ws/archive) by extension 'colcon_meta'
[1.057s] Level 1:colcon.colcon_core.package_identification:_identify(/home/hisham/brokk_ws/archive) by extensions ['ros']
[1.057s] Level 1:colcon.colcon_core.package_identification:_identify(/home/hisham/brokk_ws/archive) by extension 'ros'
[1.057s] Level 1:colcon.colcon_core.package_identification:_identify(/home/hisham/brokk_ws/archive) by extensions ['cmake', 'python']
[1.057s] Level 1:colcon.colcon_core.package_identification:_identify(/home/hisham/brokk_ws/archive) by extension 'cmake'
[1.057s] Level 1:colcon.colcon_core.package_identification:_identify(/home/hisham/brokk_ws/archive) by extension 'python'
[1.057s] Level 1:colcon.colcon_core.package_identification:_identify(/home/hisham/brokk_ws/archive) by extensions ['python_setup_py']
[1.058s] Level 1:colcon.colcon_core.package_identification:_identify(/home/hisham/brokk_ws/archive) by extension 'python_setup_py'
[1.058s] Level 1:colcon.colcon_core.package_identification:_identify(/home/hisham/brokk_ws/build) by extensions ['ignore', 'ignore_ament_install']
[1.058s] Level 1:colcon.colcon_core.package_identification:_identify(/home/hisham/brokk_ws/build) by extension 'ignore'
[1.058s] Level 1:colcon.colcon_core.package_identification:_identify(/home/hisham/brokk_ws/build) ignored
[1.058s] Level 1:colcon.colcon_core.package_identification:_identify(/home/hisham/brokk_ws/install) by extensions ['ignore', 'ignore_ament_install']
[1.058s] Level 1:colcon.colcon_core.package_identification:_identify(/home/hisham/brokk_ws/install) by extension 'ignore'
[1.058s] Level 1:colcon.colcon_core.package_identification:_identify(/home/hisham/brokk_ws/install) ignored
[1.058s] Level 1:colcon.colcon_core.package_identification:_identify(/home/hisham/brokk_ws/log) by extensions ['ignore', 'ignore_ament_install']
[1.058s] Level 1:colcon.colcon_core.package_identification:_identify(/home/hisham/brokk_ws/log) by extension 'ignore'
[1.058s] Level 1:colcon.colcon_core.package_identification:_identify(/home/hisham/brokk_ws/log) ignored
[1.058s] Level 1:colcon.colcon_core.package_identification:_identify(/home/hisham/brokk_ws/src) by extensions ['ignore', 'ignore_ament_install']
[1.058s] Level 1:colcon.colcon_core.package_identification:_identify(/home/hisham/brokk_ws/src) by extension 'ignore'
[1.058s] Level 1:colcon.colcon_core.package_identification:_identify(/home/hisham/brokk_ws/src) by extension 'ignore_ament_install'
[1.058s] Level 1:colcon.colcon_core.package_identification:_identify(/home/hisham/brokk_ws/src) by extensions ['colcon_pkg']
[1.058s] Level 1:colcon.colcon_core.package_identification:_identify(/home/hisham/brokk_ws/src) by extension 'colcon_pkg'
[1.058s] Level 1:colcon.colcon_core.package_identification:_identify(/home/hisham/brokk_ws/src) by extensions ['colcon_meta']
[1.058s] Level 1:colcon.colcon_core.package_identification:_identify(/home/hisham/brokk_ws/src) by extension 'colcon_meta'
[1.058s] Level 1:colcon.colcon_core.package_identification:_identify(/home/hisham/brokk_ws/src) by extensions ['ros']
[1.059s] Level 1:colcon.colcon_core.package_identification:_identify(/home/hisham/brokk_ws/src) by extension 'ros'
[1.059s] Level 1:colcon.colcon_core.package_identification:_identify(/home/hisham/brokk_ws/src) by extensions ['cmake', 'python']
[1.059s] Level 1:colcon.colcon_core.package_identification:_identify(/home/hisham/brokk_ws/src) by extension 'cmake'
[1.059s] Level 1:colcon.colcon_core.package_identification:_identify(/home/hisham/brokk_ws/src) by extension 'python'
[1.059s] Level 1:colcon.colcon_core.package_identification:_identify(/home/hisham/brokk_ws/src) by extensions ['python_setup_py']
[1.059s] Level 1:colcon.colcon_core.package_identification:_identify(/home/hisham/brokk_ws/src) by extension 'python_setup_py'
[1.059s] Level 1:colcon.colcon_core.package_identification:_identify(/home/hisham/brokk_ws/src/brokk_tracked_test) by extensions ['ignore', 'ignore_ament_install']
[1.059s] Level 1:colcon.colcon_core.package_identification:_identify(/home/hisham/brokk_ws/src/brokk_tracked_test) by extension 'ignore'
[1.059s] Level 1:colcon.colcon_core.package_identification:_identify(/home/hisham/brokk_ws/src/brokk_tracked_test) by extension 'ignore_ament_install'
[1.059s] Level 1:colcon.colcon_core.package_identification:_identify(/home/hisham/brokk_ws/src/brokk_tracked_test) by extensions ['colcon_pkg']
[1.059s] Level 1:colcon.colcon_core.package_identification:_identify(/home/hisham/brokk_ws/src/brokk_tracked_test) by extension 'colcon_pkg'
[1.059s] Level 1:colcon.colcon_core.package_identification:_identify(/home/hisham/brokk_ws/src/brokk_tracked_test) by extensions ['colcon_meta']
[1.059s] Level 1:colcon.colcon_core.package_identification:_identify(/home/hisham/brokk_ws/src/brokk_tracked_test) by extension 'colcon_meta'
[1.059s] Level 1:colcon.colcon_core.package_identification:_identify(/home/hisham/brokk_ws/src/brokk_tracked_test) by extensions ['ros']
[1.059s] Level 1:colcon.colcon_core.package_identification:_identify(/home/hisham/brokk_ws/src/brokk_tracked_test) by extension 'ros'
[1.063s] DEBUG:colcon.colcon_core.package_identification:Package '/home/hisham/brokk_ws/src/brokk_tracked_test' with type 'ros.ament_cmake' and name 'brokk_tracked_test'
[1.063s] Level 1:colcon.colcon_core.package_identification:_identify(/home/hisham/brokk_ws/src/test) by extensions ['ignore', 'ignore_ament_install']
[1.063s] Level 1:colcon.colcon_core.package_identification:_identify(/home/hisham/brokk_ws/src/test) by extension 'ignore'
[1.063s] Level 1:colcon.colcon_core.package_identification:_identify(/home/hisham/brokk_ws/src/test) by extension 'ignore_ament_install'
[1.063s] Level 1:colcon.colcon_core.package_identification:_identify(/home/hisham/brokk_ws/src/test) by extensions ['colcon_pkg']
[1.063s] Level 1:colcon.colcon_core.package_identification:_identify(/home/hisham/brokk_ws/src/test) by extension 'colcon_pkg'
[1.063s] Level 1:colcon.colcon_core.package_identification:_identify(/home/hisham/brokk_ws/src/test) by extensions ['colcon_meta']
[1.063s] Level 1:colcon.colcon_core.package_identification:_identify(/home/hisham/brokk_ws/src/test) by extension 'colcon_meta'
[1.063s] Level 1:colcon.colcon_core.package_identification:_identify(/home/hisham/brokk_ws/src/test) by extensions ['ros']
[1.063s] Level 1:colcon.colcon_core.package_identification:_identify(/home/hisham/brokk_ws/src/test) by extension 'ros'
[1.064s] Level 1:colcon.colcon_core.package_identification:_identify(/home/hisham/brokk_ws/src/test) by extensions ['cmake', 'python']
[1.064s] Level 1:colcon.colcon_core.package_identification:_identify(/home/hisham/brokk_ws/src/test) by extension 'cmake'
[1.064s] Level 1:colcon.colcon_core.package_identification:_identify(/home/hisham/brokk_ws/src/test) by extension 'python'
[1.064s] Level 1:colcon.colcon_core.package_identification:_identify(/home/hisham/brokk_ws/src/test) by extensions ['python_setup_py']
[1.064s] Level 1:colcon.colcon_core.package_identification:_identify(/home/hisham/brokk_ws/src/test) by extension 'python_setup_py'
[1.064s] Level 1:colcon.colcon_core.package_discovery:discover_packages(recursive) using defaults
